{"/Users/hamid/Documents/Lab/bdd-test-integ/db.js": {"path":"/Users/hamid/Documents/Lab/bdd-test-integ/db.js","statementMap":{"0":{"start":{"line":1,"column":16},"end":{"line":1,"column":44}},"1":{"start":{"line":3,"column":16},"end":{"line":5,"column":23}},"2":{"start":{"line":7,"column":11},"end":{"line":7,"column":40}},"3":{"start":{"line":9,"column":0},"end":{"line":27,"column":3}},"4":{"start":{"line":10,"column":2},"end":{"line":16,"column":5}},"5":{"start":{"line":18,"column":2},"end":{"line":26,"column":5}},"6":{"start":{"line":29,"column":0},"end":{"line":29,"column":20}}},"fnMap":{"0":{"name":"(anonymous_0)","decl":{"start":{"line":9,"column":13},"end":{"line":9,"column":14}},"loc":{"start":{"line":9,"column":19},"end":{"line":27,"column":1}},"line":9}},"branchMap":{"0":{"loc":{"start":{"line":3,"column":16},"end":{"line":5,"column":23}},"type":"cond-expr","locations":[{"start":{"line":4,"column":4},"end":{"line":4,"column":14}},{"start":{"line":5,"column":4},"end":{"line":5,"column":23}}],"line":3}},"s":{"0":2,"1":2,"2":2,"3":2,"4":2,"5":2,"6":2},"f":{"0":2},"b":{"0":[2,0]},"_coverageSchema":"1a1c01bbd47fc00a2c39e90264f33305004495a9","hash":"af0e3104f0994f9f268842b5c6fe5535add1e679"}
,"/Users/hamid/Documents/Lab/bdd-test-integ/server.js": {"path":"/Users/hamid/Documents/Lab/bdd-test-integ/server.js","statementMap":{"0":{"start":{"line":1,"column":16},"end":{"line":1,"column":34}},"1":{"start":{"line":2,"column":19},"end":{"line":2,"column":41}},"2":{"start":{"line":4,"column":19},"end":{"line":4,"column":49}},"3":{"start":{"line":5,"column":19},"end":{"line":5,"column":49}},"4":{"start":{"line":7,"column":12},"end":{"line":7,"column":21}},"5":{"start":{"line":9,"column":0},"end":{"line":9,"column":27}},"6":{"start":{"line":10,"column":0},"end":{"line":10,"column":30}},"7":{"start":{"line":11,"column":0},"end":{"line":11,"column":30}},"8":{"start":{"line":13,"column":0},"end":{"line":15,"column":3}},"9":{"start":{"line":14,"column":2},"end":{"line":14,"column":38}},"10":{"start":{"line":17,"column":0},"end":{"line":17,"column":21}}},"fnMap":{"0":{"name":"(anonymous_0)","decl":{"start":{"line":13,"column":13},"end":{"line":13,"column":14}},"loc":{"start":{"line":13,"column":27},"end":{"line":15,"column":1}},"line":13}},"branchMap":{},"s":{"0":2,"1":2,"2":2,"3":2,"4":2,"5":2,"6":2,"7":2,"8":2,"9":0,"10":2},"f":{"0":0},"b":{},"_coverageSchema":"1a1c01bbd47fc00a2c39e90264f33305004495a9","hash":"1d45d9ae67bf93001d7c23f96ed9db549ee23c17"}
,"/Users/hamid/Documents/Lab/bdd-test-integ/models/postModel.js": {"path":"/Users/hamid/Documents/Lab/bdd-test-integ/models/postModel.js","statementMap":{"0":{"start":{"line":1,"column":11},"end":{"line":1,"column":27}},"1":{"start":{"line":3,"column":13},"end":{"line":58,"column":1}},"2":{"start":{"line":5,"column":4},"end":{"line":10,"column":7}},"3":{"start":{"line":6,"column":6},"end":{"line":9,"column":9}},"4":{"start":{"line":7,"column":8},"end":{"line":8,"column":27}},"5":{"start":{"line":7,"column":17},"end":{"line":7,"column":29}},"6":{"start":{"line":8,"column":13},"end":{"line":8,"column":27}},"7":{"start":{"line":14,"column":4},"end":{"line":19,"column":7}},"8":{"start":{"line":15,"column":6},"end":{"line":18,"column":9}},"9":{"start":{"line":16,"column":8},"end":{"line":17,"column":26}},"10":{"start":{"line":16,"column":17},"end":{"line":16,"column":29}},"11":{"start":{"line":17,"column":13},"end":{"line":17,"column":26}},"12":{"start":{"line":23,"column":4},"end":{"line":33,"column":7}},"13":{"start":{"line":24,"column":41},"end":{"line":24,"column":45}},"14":{"start":{"line":25,"column":6},"end":{"line":32,"column":8}},"15":{"start":{"line":29,"column":10},"end":{"line":30,"column":53}},"16":{"start":{"line":29,"column":19},"end":{"line":29,"column":31}},"17":{"start":{"line":30,"column":15},"end":{"line":30,"column":53}},"18":{"start":{"line":37,"column":4},"end":{"line":47,"column":7}},"19":{"start":{"line":38,"column":33},"end":{"line":38,"column":37}},"20":{"start":{"line":39,"column":6},"end":{"line":46,"column":8}},"21":{"start":{"line":43,"column":10},"end":{"line":44,"column":50}},"22":{"start":{"line":43,"column":19},"end":{"line":43,"column":31}},"23":{"start":{"line":44,"column":15},"end":{"line":44,"column":50}},"24":{"start":{"line":51,"column":4},"end":{"line":56,"column":7}},"25":{"start":{"line":52,"column":6},"end":{"line":55,"column":9}},"26":{"start":{"line":53,"column":8},"end":{"line":54,"column":48}},"27":{"start":{"line":53,"column":17},"end":{"line":53,"column":29}},"28":{"start":{"line":54,"column":13},"end":{"line":54,"column":48}},"29":{"start":{"line":60,"column":0},"end":{"line":60,"column":22}}},"fnMap":{"0":{"name":"(anonymous_0)","decl":{"start":{"line":4,"column":10},"end":{"line":4,"column":11}},"loc":{"start":{"line":4,"column":16},"end":{"line":11,"column":3}},"line":4},"1":{"name":"(anonymous_1)","decl":{"start":{"line":5,"column":23},"end":{"line":5,"column":24}},"loc":{"start":{"line":5,"column":44},"end":{"line":10,"column":5}},"line":5},"2":{"name":"(anonymous_2)","decl":{"start":{"line":6,"column":40},"end":{"line":6,"column":41}},"loc":{"start":{"line":6,"column":55},"end":{"line":9,"column":7}},"line":6},"3":{"name":"(anonymous_3)","decl":{"start":{"line":13,"column":11},"end":{"line":13,"column":12}},"loc":{"start":{"line":13,"column":19},"end":{"line":20,"column":3}},"line":13},"4":{"name":"(anonymous_4)","decl":{"start":{"line":14,"column":23},"end":{"line":14,"column":24}},"loc":{"start":{"line":14,"column":44},"end":{"line":19,"column":5}},"line":14},"5":{"name":"(anonymous_5)","decl":{"start":{"line":15,"column":55},"end":{"line":15,"column":56}},"loc":{"start":{"line":15,"column":69},"end":{"line":18,"column":7}},"line":15},"6":{"name":"(anonymous_6)","decl":{"start":{"line":22,"column":10},"end":{"line":22,"column":11}},"loc":{"start":{"line":22,"column":20},"end":{"line":34,"column":3}},"line":22},"7":{"name":"(anonymous_7)","decl":{"start":{"line":23,"column":23},"end":{"line":23,"column":24}},"loc":{"start":{"line":23,"column":44},"end":{"line":33,"column":5}},"line":23},"8":{"name":"(anonymous_8)","decl":{"start":{"line":28,"column":8},"end":{"line":28,"column":9}},"loc":{"start":{"line":28,"column":23},"end":{"line":31,"column":9}},"line":28},"9":{"name":"(anonymous_9)","decl":{"start":{"line":36,"column":10},"end":{"line":36,"column":11}},"loc":{"start":{"line":36,"column":24},"end":{"line":48,"column":3}},"line":36},"10":{"name":"(anonymous_10)","decl":{"start":{"line":37,"column":23},"end":{"line":37,"column":24}},"loc":{"start":{"line":37,"column":44},"end":{"line":47,"column":5}},"line":37},"11":{"name":"(anonymous_11)","decl":{"start":{"line":42,"column":8},"end":{"line":42,"column":9}},"loc":{"start":{"line":42,"column":23},"end":{"line":45,"column":9}},"line":42},"12":{"name":"(anonymous_12)","decl":{"start":{"line":50,"column":10},"end":{"line":50,"column":11}},"loc":{"start":{"line":50,"column":18},"end":{"line":57,"column":3}},"line":50},"13":{"name":"(anonymous_13)","decl":{"start":{"line":51,"column":23},"end":{"line":51,"column":24}},"loc":{"start":{"line":51,"column":44},"end":{"line":56,"column":5}},"line":51},"14":{"name":"(anonymous_14)","decl":{"start":{"line":52,"column":53},"end":{"line":52,"column":54}},"loc":{"start":{"line":52,"column":68},"end":{"line":55,"column":7}},"line":52}},"branchMap":{"0":{"loc":{"start":{"line":7,"column":8},"end":{"line":8,"column":27}},"type":"if","locations":[{"start":{"line":7,"column":8},"end":{"line":8,"column":27}},{"start":{"line":8,"column":13},"end":{"line":8,"column":27}}],"line":7},"1":{"loc":{"start":{"line":16,"column":8},"end":{"line":17,"column":26}},"type":"if","locations":[{"start":{"line":16,"column":8},"end":{"line":17,"column":26}},{"start":{"line":17,"column":13},"end":{"line":17,"column":26}}],"line":16},"2":{"loc":{"start":{"line":29,"column":10},"end":{"line":30,"column":53}},"type":"if","locations":[{"start":{"line":29,"column":10},"end":{"line":30,"column":53}},{"start":{"line":30,"column":15},"end":{"line":30,"column":53}}],"line":29},"3":{"loc":{"start":{"line":43,"column":10},"end":{"line":44,"column":50}},"type":"if","locations":[{"start":{"line":43,"column":10},"end":{"line":44,"column":50}},{"start":{"line":44,"column":15},"end":{"line":44,"column":50}}],"line":43},"4":{"loc":{"start":{"line":53,"column":8},"end":{"line":54,"column":48}},"type":"if","locations":[{"start":{"line":53,"column":8},"end":{"line":54,"column":48}},{"start":{"line":54,"column":13},"end":{"line":54,"column":48}}],"line":53}},"s":{"0":2,"1":2,"2":1,"3":1,"4":1,"5":0,"6":1,"7":0,"8":0,"9":0,"10":0,"11":0,"12":1,"13":1,"14":1,"15":1,"16":0,"17":1,"18":0,"19":0,"20":0,"21":0,"22":0,"23":0,"24":1,"25":1,"26":1,"27":0,"28":1,"29":2},"f":{"0":1,"1":1,"2":1,"3":0,"4":0,"5":0,"6":1,"7":1,"8":1,"9":0,"10":0,"11":0,"12":1,"13":1,"14":1},"b":{"0":[0,1],"1":[0,0],"2":[0,1],"3":[0,0],"4":[0,1]},"_coverageSchema":"1a1c01bbd47fc00a2c39e90264f33305004495a9","hash":"811a8c7d97d68fb172035666d0f306e355d8db16"}
,"/Users/hamid/Documents/Lab/bdd-test-integ/models/userModel.js": {"path":"/Users/hamid/Documents/Lab/bdd-test-integ/models/userModel.js","statementMap":{"0":{"start":{"line":2,"column":11},"end":{"line":2,"column":27}},"1":{"start":{"line":4,"column":13},"end":{"line":59,"column":1}},"2":{"start":{"line":6,"column":4},"end":{"line":11,"column":7}},"3":{"start":{"line":7,"column":6},"end":{"line":10,"column":9}},"4":{"start":{"line":8,"column":8},"end":{"line":9,"column":27}},"5":{"start":{"line":8,"column":17},"end":{"line":8,"column":29}},"6":{"start":{"line":9,"column":13},"end":{"line":9,"column":27}},"7":{"start":{"line":15,"column":4},"end":{"line":20,"column":7}},"8":{"start":{"line":16,"column":6},"end":{"line":19,"column":9}},"9":{"start":{"line":17,"column":8},"end":{"line":18,"column":26}},"10":{"start":{"line":17,"column":17},"end":{"line":17,"column":29}},"11":{"start":{"line":18,"column":13},"end":{"line":18,"column":26}},"12":{"start":{"line":24,"column":4},"end":{"line":34,"column":7}},"13":{"start":{"line":25,"column":30},"end":{"line":25,"column":34}},"14":{"start":{"line":26,"column":6},"end":{"line":33,"column":8}},"15":{"start":{"line":30,"column":10},"end":{"line":31,"column":53}},"16":{"start":{"line":30,"column":19},"end":{"line":30,"column":31}},"17":{"start":{"line":31,"column":15},"end":{"line":31,"column":53}},"18":{"start":{"line":38,"column":4},"end":{"line":48,"column":7}},"19":{"start":{"line":39,"column":30},"end":{"line":39,"column":34}},"20":{"start":{"line":40,"column":6},"end":{"line":47,"column":8}},"21":{"start":{"line":44,"column":10},"end":{"line":45,"column":50}},"22":{"start":{"line":44,"column":19},"end":{"line":44,"column":31}},"23":{"start":{"line":45,"column":15},"end":{"line":45,"column":50}},"24":{"start":{"line":52,"column":4},"end":{"line":57,"column":7}},"25":{"start":{"line":53,"column":6},"end":{"line":56,"column":9}},"26":{"start":{"line":54,"column":8},"end":{"line":55,"column":48}},"27":{"start":{"line":54,"column":17},"end":{"line":54,"column":29}},"28":{"start":{"line":55,"column":13},"end":{"line":55,"column":48}},"29":{"start":{"line":61,"column":0},"end":{"line":61,"column":22}}},"fnMap":{"0":{"name":"(anonymous_0)","decl":{"start":{"line":5,"column":10},"end":{"line":5,"column":11}},"loc":{"start":{"line":5,"column":16},"end":{"line":12,"column":3}},"line":5},"1":{"name":"(anonymous_1)","decl":{"start":{"line":6,"column":23},"end":{"line":6,"column":24}},"loc":{"start":{"line":6,"column":44},"end":{"line":11,"column":5}},"line":6},"2":{"name":"(anonymous_2)","decl":{"start":{"line":7,"column":40},"end":{"line":7,"column":41}},"loc":{"start":{"line":7,"column":55},"end":{"line":10,"column":7}},"line":7},"3":{"name":"(anonymous_3)","decl":{"start":{"line":14,"column":11},"end":{"line":14,"column":12}},"loc":{"start":{"line":14,"column":19},"end":{"line":21,"column":3}},"line":14},"4":{"name":"(anonymous_4)","decl":{"start":{"line":15,"column":23},"end":{"line":15,"column":24}},"loc":{"start":{"line":15,"column":44},"end":{"line":20,"column":5}},"line":15},"5":{"name":"(anonymous_5)","decl":{"start":{"line":16,"column":55},"end":{"line":16,"column":56}},"loc":{"start":{"line":16,"column":69},"end":{"line":19,"column":7}},"line":16},"6":{"name":"(anonymous_6)","decl":{"start":{"line":23,"column":10},"end":{"line":23,"column":11}},"loc":{"start":{"line":23,"column":20},"end":{"line":35,"column":3}},"line":23},"7":{"name":"(anonymous_7)","decl":{"start":{"line":24,"column":23},"end":{"line":24,"column":24}},"loc":{"start":{"line":24,"column":44},"end":{"line":34,"column":5}},"line":24},"8":{"name":"(anonymous_8)","decl":{"start":{"line":29,"column":8},"end":{"line":29,"column":9}},"loc":{"start":{"line":29,"column":23},"end":{"line":32,"column":9}},"line":29},"9":{"name":"(anonymous_9)","decl":{"start":{"line":37,"column":10},"end":{"line":37,"column":11}},"loc":{"start":{"line":37,"column":24},"end":{"line":49,"column":3}},"line":37},"10":{"name":"(anonymous_10)","decl":{"start":{"line":38,"column":23},"end":{"line":38,"column":24}},"loc":{"start":{"line":38,"column":44},"end":{"line":48,"column":5}},"line":38},"11":{"name":"(anonymous_11)","decl":{"start":{"line":43,"column":8},"end":{"line":43,"column":9}},"loc":{"start":{"line":43,"column":23},"end":{"line":46,"column":9}},"line":43},"12":{"name":"(anonymous_12)","decl":{"start":{"line":51,"column":10},"end":{"line":51,"column":11}},"loc":{"start":{"line":51,"column":18},"end":{"line":58,"column":3}},"line":51},"13":{"name":"(anonymous_13)","decl":{"start":{"line":52,"column":23},"end":{"line":52,"column":24}},"loc":{"start":{"line":52,"column":44},"end":{"line":57,"column":5}},"line":52},"14":{"name":"(anonymous_14)","decl":{"start":{"line":53,"column":53},"end":{"line":53,"column":54}},"loc":{"start":{"line":53,"column":68},"end":{"line":56,"column":7}},"line":53}},"branchMap":{"0":{"loc":{"start":{"line":8,"column":8},"end":{"line":9,"column":27}},"type":"if","locations":[{"start":{"line":8,"column":8},"end":{"line":9,"column":27}},{"start":{"line":9,"column":13},"end":{"line":9,"column":27}}],"line":8},"1":{"loc":{"start":{"line":17,"column":8},"end":{"line":18,"column":26}},"type":"if","locations":[{"start":{"line":17,"column":8},"end":{"line":18,"column":26}},{"start":{"line":18,"column":13},"end":{"line":18,"column":26}}],"line":17},"2":{"loc":{"start":{"line":30,"column":10},"end":{"line":31,"column":53}},"type":"if","locations":[{"start":{"line":30,"column":10},"end":{"line":31,"column":53}},{"start":{"line":31,"column":15},"end":{"line":31,"column":53}}],"line":30},"3":{"loc":{"start":{"line":44,"column":10},"end":{"line":45,"column":50}},"type":"if","locations":[{"start":{"line":44,"column":10},"end":{"line":45,"column":50}},{"start":{"line":45,"column":15},"end":{"line":45,"column":50}}],"line":44},"4":{"loc":{"start":{"line":54,"column":8},"end":{"line":55,"column":48}},"type":"if","locations":[{"start":{"line":54,"column":8},"end":{"line":55,"column":48}},{"start":{"line":55,"column":13},"end":{"line":55,"column":48}}],"line":54}},"s":{"0":2,"1":2,"2":1,"3":1,"4":1,"5":0,"6":1,"7":1,"8":1,"9":1,"10":0,"11":1,"12":2,"13":2,"14":2,"15":2,"16":0,"17":2,"18":1,"19":1,"20":1,"21":1,"22":0,"23":1,"24":1,"25":1,"26":1,"27":0,"28":1,"29":2},"f":{"0":1,"1":1,"2":1,"3":1,"4":1,"5":1,"6":2,"7":2,"8":2,"9":1,"10":1,"11":1,"12":1,"13":1,"14":1},"b":{"0":[0,1],"1":[0,1],"2":[0,2],"3":[0,1],"4":[0,1]},"_coverageSchema":"1a1c01bbd47fc00a2c39e90264f33305004495a9","hash":"d6fa6dd5b2ef8135418cefa5e841554398f26ac0"}
,"/Users/hamid/Documents/Lab/bdd-test-integ/routes/postRoutes.js": {"path":"/Users/hamid/Documents/Lab/bdd-test-integ/routes/postRoutes.js","statementMap":{"0":{"start":{"line":1,"column":16},"end":{"line":1,"column":34}},"1":{"start":{"line":2,"column":15},"end":{"line":2,"column":31}},"2":{"start":{"line":3,"column":13},"end":{"line":3,"column":43}},"3":{"start":{"line":5,"column":0},"end":{"line":8,"column":3}},"4":{"start":{"line":6,"column":16},"end":{"line":6,"column":35}},"5":{"start":{"line":7,"column":2},"end":{"line":7,"column":18}},"6":{"start":{"line":10,"column":0},"end":{"line":13,"column":3}},"7":{"start":{"line":11,"column":15},"end":{"line":11,"column":48}},"8":{"start":{"line":12,"column":2},"end":{"line":12,"column":17}},"9":{"start":{"line":15,"column":0},"end":{"line":18,"column":3}},"10":{"start":{"line":16,"column":18},"end":{"line":16,"column":45}},"11":{"start":{"line":17,"column":2},"end":{"line":17,"column":20}},"12":{"start":{"line":20,"column":0},"end":{"line":23,"column":3}},"13":{"start":{"line":21,"column":17},"end":{"line":21,"column":59}},"14":{"start":{"line":22,"column":2},"end":{"line":22,"column":19}},"15":{"start":{"line":25,"column":0},"end":{"line":28,"column":3}},"16":{"start":{"line":26,"column":17},"end":{"line":26,"column":49}},"17":{"start":{"line":27,"column":2},"end":{"line":27,"column":19}},"18":{"start":{"line":30,"column":0},"end":{"line":30,"column":24}}},"fnMap":{"0":{"name":"(anonymous_0)","decl":{"start":{"line":5,"column":16},"end":{"line":5,"column":17}},"loc":{"start":{"line":5,"column":36},"end":{"line":8,"column":1}},"line":5},"1":{"name":"(anonymous_1)","decl":{"start":{"line":10,"column":19},"end":{"line":10,"column":20}},"loc":{"start":{"line":10,"column":39},"end":{"line":13,"column":1}},"line":10},"2":{"name":"(anonymous_2)","decl":{"start":{"line":15,"column":17},"end":{"line":15,"column":18}},"loc":{"start":{"line":15,"column":37},"end":{"line":18,"column":1}},"line":15},"3":{"name":"(anonymous_3)","decl":{"start":{"line":20,"column":19},"end":{"line":20,"column":20}},"loc":{"start":{"line":20,"column":39},"end":{"line":23,"column":1}},"line":20},"4":{"name":"(anonymous_4)","decl":{"start":{"line":25,"column":22},"end":{"line":25,"column":23}},"loc":{"start":{"line":25,"column":42},"end":{"line":28,"column":1}},"line":25}},"branchMap":{},"s":{"0":2,"1":2,"2":2,"3":2,"4":1,"5":1,"6":2,"7":0,"8":0,"9":2,"10":1,"11":1,"12":2,"13":0,"14":0,"15":2,"16":1,"17":1,"18":2},"f":{"0":1,"1":0,"2":1,"3":0,"4":1},"b":{},"_coverageSchema":"1a1c01bbd47fc00a2c39e90264f33305004495a9","hash":"8012ecb77c6bf1eb576ca3706b0199a95ba888b5"}
,"/Users/hamid/Documents/Lab/bdd-test-integ/routes/userRoutes.js": {"path":"/Users/hamid/Documents/Lab/bdd-test-integ/routes/userRoutes.js","statementMap":{"0":{"start":{"line":1,"column":16},"end":{"line":1,"column":34}},"1":{"start":{"line":2,"column":15},"end":{"line":2,"column":31}},"2":{"start":{"line":3,"column":13},"end":{"line":3,"column":43}},"3":{"start":{"line":5,"column":0},"end":{"line":8,"column":3}},"4":{"start":{"line":6,"column":16},"end":{"line":6,"column":35}},"5":{"start":{"line":7,"column":2},"end":{"line":7,"column":18}},"6":{"start":{"line":10,"column":0},"end":{"line":13,"column":3}},"7":{"start":{"line":11,"column":15},"end":{"line":11,"column":48}},"8":{"start":{"line":12,"column":2},"end":{"line":12,"column":17}},"9":{"start":{"line":15,"column":0},"end":{"line":18,"column":3}},"10":{"start":{"line":16,"column":18},"end":{"line":16,"column":45}},"11":{"start":{"line":17,"column":2},"end":{"line":17,"column":20}},"12":{"start":{"line":20,"column":0},"end":{"line":23,"column":3}},"13":{"start":{"line":21,"column":17},"end":{"line":21,"column":59}},"14":{"start":{"line":22,"column":2},"end":{"line":22,"column":19}},"15":{"start":{"line":25,"column":0},"end":{"line":28,"column":3}},"16":{"start":{"line":26,"column":17},"end":{"line":26,"column":49}},"17":{"start":{"line":27,"column":2},"end":{"line":27,"column":19}},"18":{"start":{"line":30,"column":0},"end":{"line":30,"column":24}}},"fnMap":{"0":{"name":"(anonymous_0)","decl":{"start":{"line":5,"column":16},"end":{"line":5,"column":17}},"loc":{"start":{"line":5,"column":36},"end":{"line":8,"column":1}},"line":5},"1":{"name":"(anonymous_1)","decl":{"start":{"line":10,"column":19},"end":{"line":10,"column":20}},"loc":{"start":{"line":10,"column":39},"end":{"line":13,"column":1}},"line":10},"2":{"name":"(anonymous_2)","decl":{"start":{"line":15,"column":17},"end":{"line":15,"column":18}},"loc":{"start":{"line":15,"column":37},"end":{"line":18,"column":1}},"line":15},"3":{"name":"(anonymous_3)","decl":{"start":{"line":20,"column":19},"end":{"line":20,"column":20}},"loc":{"start":{"line":20,"column":39},"end":{"line":23,"column":1}},"line":20},"4":{"name":"(anonymous_4)","decl":{"start":{"line":25,"column":22},"end":{"line":25,"column":23}},"loc":{"start":{"line":25,"column":42},"end":{"line":28,"column":1}},"line":25}},"branchMap":{},"s":{"0":2,"1":2,"2":2,"3":2,"4":1,"5":1,"6":2,"7":1,"8":1,"9":2,"10":2,"11":2,"12":2,"13":1,"14":1,"15":2,"16":1,"17":1,"18":2},"f":{"0":1,"1":1,"2":2,"3":1,"4":1},"b":{},"_coverageSchema":"1a1c01bbd47fc00a2c39e90264f33305004495a9","hash":"54c582f675281cfdbae6aa7c91d7d50956c20f15"}
}
