TN:
SF:db.js
FN:9,(anonymous_0)
FNF:1
FNH:1
FNDA:2,(anonymous_0)
DA:1,2
DA:3,2
DA:7,2
DA:9,2
DA:10,2
DA:18,2
DA:29,2
LF:7
LH:7
BRDA:3,0,0,2
BRDA:3,0,1,0
BRF:2
BRH:1
end_of_record
TN:
SF:server.js
FN:13,(anonymous_0)
FNF:1
FNH:0
FNDA:0,(anonymous_0)
DA:1,2
DA:2,2
DA:4,2
DA:5,2
DA:7,2
DA:9,2
DA:10,2
DA:11,2
DA:13,2
DA:14,0
DA:17,2
LF:11
LH:10
BRF:0
BRH:0
end_of_record
TN:
SF:models/postModel.js
FN:4,(anonymous_0)
FN:5,(anonymous_1)
FN:6,(anonymous_2)
FN:13,(anonymous_3)
FN:14,(anonymous_4)
FN:15,(anonymous_5)
FN:22,(anonymous_6)
FN:23,(anonymous_7)
FN:28,(anonymous_8)
FN:36,(anonymous_9)
FN:37,(anonymous_10)
FN:42,(anonymous_11)
FN:50,(anonymous_12)
FN:51,(anonymous_13)
FN:52,(anonymous_14)
FNF:15
FNH:9
FNDA:1,(anonymous_0)
FNDA:1,(anonymous_1)
FNDA:1,(anonymous_2)
FNDA:0,(anonymous_3)
FNDA:0,(anonymous_4)
FNDA:0,(anonymous_5)
FNDA:1,(anonymous_6)
FNDA:1,(anonymous_7)
FNDA:1,(anonymous_8)
FNDA:0,(anonymous_9)
FNDA:0,(anonymous_10)
FNDA:0,(anonymous_11)
FNDA:1,(anonymous_12)
FNDA:1,(anonymous_13)
FNDA:1,(anonymous_14)
DA:1,2
DA:3,2
DA:5,1
DA:6,1
DA:7,1
DA:8,1
DA:14,0
DA:15,0
DA:16,0
DA:17,0
DA:23,1
DA:24,1
DA:25,1
DA:29,1
DA:30,1
DA:37,0
DA:38,0
DA:39,0
DA:43,0
DA:44,0
DA:51,1
DA:52,1
DA:53,1
DA:54,1
DA:60,2
LF:25
LH:16
BRDA:7,0,0,0
BRDA:7,0,1,1
BRDA:16,1,0,0
BRDA:16,1,1,0
BRDA:29,2,0,0
BRDA:29,2,1,1
BRDA:43,3,0,0
BRDA:43,3,1,0
BRDA:53,4,0,0
BRDA:53,4,1,1
BRF:10
BRH:3
end_of_record
TN:
SF:models/userModel.js
FN:5,(anonymous_0)
FN:6,(anonymous_1)
FN:7,(anonymous_2)
FN:14,(anonymous_3)
FN:15,(anonymous_4)
FN:16,(anonymous_5)
FN:23,(anonymous_6)
FN:24,(anonymous_7)
FN:29,(anonymous_8)
FN:37,(anonymous_9)
FN:38,(anonymous_10)
FN:43,(anonymous_11)
FN:51,(anonymous_12)
FN:52,(anonymous_13)
FN:53,(anonymous_14)
FNF:15
FNH:15
FNDA:1,(anonymous_0)
FNDA:1,(anonymous_1)
FNDA:1,(anonymous_2)
FNDA:1,(anonymous_3)
FNDA:1,(anonymous_4)
FNDA:1,(anonymous_5)
FNDA:2,(anonymous_6)
FNDA:2,(anonymous_7)
FNDA:2,(anonymous_8)
FNDA:1,(anonymous_9)
FNDA:1,(anonymous_10)
FNDA:1,(anonymous_11)
FNDA:1,(anonymous_12)
FNDA:1,(anonymous_13)
FNDA:1,(anonymous_14)
DA:2,2
DA:4,2
DA:6,1
DA:7,1
DA:8,1
DA:9,1
DA:15,1
DA:16,1
DA:17,1
DA:18,1
DA:24,2
DA:25,2
DA:26,2
DA:30,2
DA:31,2
DA:38,1
DA:39,1
DA:40,1
DA:44,1
DA:45,1
DA:52,1
DA:53,1
DA:54,1
DA:55,1
DA:61,2
LF:25
LH:25
BRDA:8,0,0,0
BRDA:8,0,1,1
BRDA:17,1,0,0
BRDA:17,1,1,1
BRDA:30,2,0,0
BRDA:30,2,1,2
BRDA:44,3,0,0
BRDA:44,3,1,1
BRDA:54,4,0,0
BRDA:54,4,1,1
BRF:10
BRH:5
end_of_record
TN:
SF:routes/postRoutes.js
FN:5,(anonymous_0)
FN:10,(anonymous_1)
FN:15,(anonymous_2)
FN:20,(anonymous_3)
FN:25,(anonymous_4)
FNF:5
FNH:3
FNDA:1,(anonymous_0)
FNDA:0,(anonymous_1)
FNDA:1,(anonymous_2)
FNDA:0,(anonymous_3)
FNDA:1,(anonymous_4)
DA:1,2
DA:2,2
DA:3,2
DA:5,2
DA:6,1
DA:7,1
DA:10,2
DA:11,0
DA:12,0
DA:15,2
DA:16,1
DA:17,1
DA:20,2
DA:21,0
DA:22,0
DA:25,2
DA:26,1
DA:27,1
DA:30,2
LF:19
LH:15
BRF:0
BRH:0
end_of_record
TN:
SF:routes/userRoutes.js
FN:5,(anonymous_0)
FN:10,(anonymous_1)
FN:15,(anonymous_2)
FN:20,(anonymous_3)
FN:25,(anonymous_4)
FNF:5
FNH:5
FNDA:1,(anonymous_0)
FNDA:1,(anonymous_1)
FNDA:2,(anonymous_2)
FNDA:1,(anonymous_3)
FNDA:1,(anonymous_4)
DA:1,2
DA:2,2
DA:3,2
DA:5,2
DA:6,1
DA:7,1
DA:10,2
DA:11,1
DA:12,1
DA:15,2
DA:16,2
DA:17,2
DA:20,2
DA:21,1
DA:22,1
DA:25,2
DA:26,1
DA:27,1
DA:30,2
LF:19
LH:19
BRF:0
BRH:0
end_of_record
